[debug] [2024-06-30T22:11:23.999Z] ----------------------------------------------------------------------
[debug] [2024-06-30T22:11:24.002Z] Command:       C:\Program Files\nodejs\node.exe C:\Users\HP\AppData\Roaming\npm\node_modules\firebase-tools\lib\bin\firebase.js init
[debug] [2024-06-30T22:11:24.002Z] CLI Version:   13.12.0
[debug] [2024-06-30T22:11:24.002Z] Platform:      win32
[debug] [2024-06-30T22:11:24.003Z] Node Version:  v20.11.0
[debug] [2024-06-30T22:11:24.003Z] Time:          Mon Jul 01 2024 02:11:24 GMT+0400 (Azərbaycan Standart Vaxtı)
[debug] [2024-06-30T22:11:24.003Z] ----------------------------------------------------------------------
[debug] 
[debug] [2024-06-30T22:11:24.008Z] > command requires scopes: ["email","openid","https://www.googleapis.com/auth/cloudplatformprojects.readonly","https://www.googleapis.com/auth/firebase","https://www.googleapis.com/auth/cloud-platform"]
[debug] [2024-06-30T22:11:24.008Z] > authorizing via signed-in user (soltanabdurahmanov992@gmail.com)
[info] 
     ######## #### ########  ######## ########     ###     ######  ########
     ##        ##  ##     ## ##       ##     ##  ##   ##  ##       ##
     ######    ##  ########  ######   ########  #########  ######  ######
     ##        ##  ##    ##  ##       ##     ## ##     ##       ## ##
     ##       #### ##     ## ######## ########  ##     ##  ######  ########

You're about to initialize a Firebase project in this directory:

  C:\Users\HP\Desktop\Front end\React\restoran

[info] 
=== Project Setup
[info] 
[info] First, let's associate this project directory with a Firebase project.
[info] You can create multiple project aliases by running firebase use --add, 
[info] but for now we'll just set up a default project.
[info] 
[debug] [2024-06-30T22:11:33.261Z] >>> [apiv2][query] GET https://firebase.googleapis.com/v1beta1/projects pageSize=100
[debug] [2024-06-30T22:11:34.083Z] <<< [apiv2][status] GET https://firebase.googleapis.com/v1beta1/projects 200
[debug] [2024-06-30T22:11:34.083Z] <<< [apiv2][body] GET https://firebase.googleapis.com/v1beta1/projects [omitted]
